<?xml version="1.0" encoding="UTF-8"?>
<!-- Generated by org.testng.reporters.JUnitReportReporter -->
<testsuite hostname="Ravi" failures="0" tests="2" name="Rapid_ED.DDExcel" time="36.555" errors="0" timestamp="28 Dec 2017 13:30:02 GMT" skipped="0">
  <testcase classname="Rapid_ED.DDExcel" name="TestFireFox" time="19.456"/>
  <testcase classname="Rapid_ED.DDExcel" name="TestFireFox" time="17.099"/>
</testsuite> <!-- Rapid_ED.DDExcel -->
